[main] WARN  com.amazonaws.auth.profile.internal.BasicProfileConfigFileLoader  - Unable to load config file C:\Users\ramaw\.aws\credentials
java.lang.IllegalArgumentException: Property is defined without a preceding profile name on line 1
	at com.amazonaws.auth.profile.internal.AbstractProfilesConfigFileScanner.run(AbstractProfilesConfigFileScanner.java:122)
	at com.amazonaws.auth.profile.internal.BasicProfileConfigLoader$ProfilesConfigFileLoaderHelper.parseProfileProperties(BasicProfileConfigLoader.java:141)
	at com.amazonaws.auth.profile.internal.BasicProfileConfigLoader.loadProfiles(BasicProfileConfigLoader.java:86)
	at com.amazonaws.auth.profile.internal.BasicProfileConfigLoader.loadProfiles(BasicProfileConfigLoader.java:63)
	at com.amazonaws.auth.profile.ProfilesConfigFile.loadProfiles(ProfilesConfigFile.java:204)
	at com.amazonaws.auth.profile.ProfilesConfigFile.<init>(ProfilesConfigFile.java:145)
	at com.amazonaws.auth.profile.ProfilesConfigFile.<init>(ProfilesConfigFile.java:133)
	at com.amazonaws.auth.profile.internal.BasicProfileConfigFileLoader.getProfilesConfigFile(BasicProfileConfigFileLoader.java:71)
	at com.amazonaws.auth.profile.internal.BasicProfileConfigFileLoader.getProfile(BasicProfileConfigFileLoader.java:55)
	at com.amazonaws.retry.internal.RetryModeResolver.profile(RetryModeResolver.java:92)
	at com.amazonaws.retry.internal.RetryModeResolver.resolveRetryMode(RetryModeResolver.java:83)
	at com.amazonaws.retry.internal.RetryModeResolver.<init>(RetryModeResolver.java:46)
	at com.amazonaws.retry.RetryPolicy.<clinit>(RetryPolicy.java:35)
	at com.amazonaws.retry.PredefinedRetryPolicies.<clinit>(PredefinedRetryPolicies.java:30)
	at com.amazonaws.ClientConfiguration.<clinit>(ClientConfiguration.java:89)
	at com.amazonaws.ClientConfigurationFactory.getDefaultConfig(ClientConfigurationFactory.java:46)
	at com.amazonaws.ClientConfigurationFactory.getConfig(ClientConfigurationFactory.java:36)
	at com.amazonaws.client.builder.AwsClientBuilder.resolveClientConfiguration(AwsClientBuilder.java:169)
	at com.amazonaws.client.builder.AwsClientBuilder.access$000(AwsClientBuilder.java:54)
	at com.amazonaws.client.builder.AwsClientBuilder$SyncBuilderParams.<init>(AwsClientBuilder.java:505)
	at com.amazonaws.client.builder.AwsClientBuilder.getSyncClientParams(AwsClientBuilder.java:441)
	at com.amazonaws.client.builder.AwsSyncClientBuilder.build(AwsSyncClientBuilder.java:46)
	at in.co.raystech.maven.project4.util.S3Handler.builder(S3Handler.java:59)
	at in.co.raystech.maven.project4.util.S3Handler.deleteImage(S3Handler.java:41)
	at in.co.raystech.maven.project4.util.S3Handler.main(S3Handler.java:20)
[main] WARN  com.amazonaws.services.s3.internal.UseArnRegionResolver  - Unable to load config file C:\Users\ramaw\.aws\credentials
java.lang.IllegalArgumentException: Property is defined without a preceding profile name on line 1
	at com.amazonaws.auth.profile.internal.AbstractProfilesConfigFileScanner.run(AbstractProfilesConfigFileScanner.java:122)
	at com.amazonaws.auth.profile.internal.BasicProfileConfigLoader$ProfilesConfigFileLoaderHelper.parseProfileProperties(BasicProfileConfigLoader.java:141)
	at com.amazonaws.auth.profile.internal.BasicProfileConfigLoader.loadProfiles(BasicProfileConfigLoader.java:86)
	at com.amazonaws.auth.profile.internal.BasicProfileConfigLoader.loadProfiles(BasicProfileConfigLoader.java:63)
	at com.amazonaws.auth.profile.ProfilesConfigFile.loadProfiles(ProfilesConfigFile.java:204)
	at com.amazonaws.auth.profile.ProfilesConfigFile.<init>(ProfilesConfigFile.java:145)
	at com.amazonaws.auth.profile.ProfilesConfigFile.<init>(ProfilesConfigFile.java:133)
	at com.amazonaws.services.s3.internal.UseArnRegionResolver.getProfilesConfigFile(UseArnRegionResolver.java:112)
	at com.amazonaws.services.s3.internal.UseArnRegionResolver.getProfile(UseArnRegionResolver.java:96)
	at com.amazonaws.services.s3.internal.UseArnRegionResolver.profile(UseArnRegionResolver.java:76)
	at com.amazonaws.services.s3.internal.UseArnRegionResolver.resolveUseArnRegion(UseArnRegionResolver.java:64)
	at com.amazonaws.services.s3.internal.UseArnRegionResolver.<init>(UseArnRegionResolver.java:53)
	at com.amazonaws.services.s3.internal.UseArnRegionResolver.<init>(UseArnRegionResolver.java:48)
	at com.amazonaws.services.s3.AmazonS3Client.<clinit>(AmazonS3Client.java:457)
	at com.amazonaws.services.s3.AmazonS3Builder$1.apply(AmazonS3Builder.java:35)
	at com.amazonaws.services.s3.AmazonS3Builder$1.apply(AmazonS3Builder.java:32)
	at com.amazonaws.services.s3.AmazonS3ClientBuilder.build(AmazonS3ClientBuilder.java:64)
	at com.amazonaws.services.s3.AmazonS3ClientBuilder.build(AmazonS3ClientBuilder.java:28)
	at com.amazonaws.client.builder.AwsSyncClientBuilder.build(AwsSyncClientBuilder.java:46)
	at in.co.raystech.maven.project4.util.S3Handler.builder(S3Handler.java:59)
	at in.co.raystech.maven.project4.util.S3Handler.deleteImage(S3Handler.java:41)
	at in.co.raystech.maven.project4.util.S3Handler.main(S3Handler.java:20)
[main] WARN  com.amazonaws.services.s3.internal.RegionalEndpointsOptionResolver  - Unable to load config file C:\Users\ramaw\.aws\credentials
java.lang.IllegalArgumentException: Property is defined without a preceding profile name on line 1
	at com.amazonaws.auth.profile.internal.AbstractProfilesConfigFileScanner.run(AbstractProfilesConfigFileScanner.java:122)
	at com.amazonaws.auth.profile.internal.BasicProfileConfigLoader$ProfilesConfigFileLoaderHelper.parseProfileProperties(BasicProfileConfigLoader.java:141)
	at com.amazonaws.auth.profile.internal.BasicProfileConfigLoader.loadProfiles(BasicProfileConfigLoader.java:86)
	at com.amazonaws.auth.profile.internal.BasicProfileConfigLoader.loadProfiles(BasicProfileConfigLoader.java:63)
	at com.amazonaws.auth.profile.ProfilesConfigFile.loadProfiles(ProfilesConfigFile.java:204)
	at com.amazonaws.auth.profile.ProfilesConfigFile.<init>(ProfilesConfigFile.java:145)
	at com.amazonaws.auth.profile.ProfilesConfigFile.<init>(ProfilesConfigFile.java:133)
	at com.amazonaws.services.s3.internal.RegionalEndpointsOptionResolver.getProfilesConfigFile(RegionalEndpointsOptionResolver.java:126)
	at com.amazonaws.services.s3.internal.RegionalEndpointsOptionResolver.getProfile(RegionalEndpointsOptionResolver.java:110)
	at com.amazonaws.services.s3.internal.RegionalEndpointsOptionResolver.profileOption(RegionalEndpointsOptionResolver.java:73)
	at com.amazonaws.services.s3.internal.RegionalEndpointsOptionResolver.useRegionalMode(RegionalEndpointsOptionResolver.java:60)
	at com.amazonaws.services.s3.AmazonS3Client.setRegion(AmazonS3Client.java:768)
	at com.amazonaws.client.builder.AwsClientBuilder.setRegion(AwsClientBuilder.java:456)
	at com.amazonaws.client.builder.AwsClientBuilder.configureMutableProperties(AwsClientBuilder.java:424)
	at com.amazonaws.client.builder.AwsSyncClientBuilder.build(AwsSyncClientBuilder.java:46)
	at in.co.raystech.maven.project4.util.S3Handler.builder(S3Handler.java:59)
	at in.co.raystech.maven.project4.util.S3Handler.deleteImage(S3Handler.java:41)
	at in.co.raystech.maven.project4.util.S3Handler.main(S3Handler.java:20)
[main] WARN  com.amazonaws.auth.profile.internal.BasicProfileConfigFileLoader  - Unable to load config file C:\Users\ramaw\.aws\credentials
java.lang.IllegalArgumentException: Property is defined without a preceding profile name on line 1
	at com.amazonaws.auth.profile.internal.AbstractProfilesConfigFileScanner.run(AbstractProfilesConfigFileScanner.java:122)
	at com.amazonaws.auth.profile.internal.BasicProfileConfigLoader$ProfilesConfigFileLoaderHelper.parseProfileProperties(BasicProfileConfigLoader.java:141)
	at com.amazonaws.auth.profile.internal.BasicProfileConfigLoader.loadProfiles(BasicProfileConfigLoader.java:86)
	at com.amazonaws.auth.profile.internal.BasicProfileConfigLoader.loadProfiles(BasicProfileConfigLoader.java:63)
	at com.amazonaws.auth.profile.ProfilesConfigFile.loadProfiles(ProfilesConfigFile.java:204)
	at com.amazonaws.auth.profile.ProfilesConfigFile.<init>(ProfilesConfigFile.java:145)
	at com.amazonaws.auth.profile.ProfilesConfigFile.<init>(ProfilesConfigFile.java:133)
	at com.amazonaws.auth.profile.internal.BasicProfileConfigFileLoader.getProfilesConfigFile(BasicProfileConfigFileLoader.java:71)
	at com.amazonaws.auth.profile.internal.BasicProfileConfigFileLoader.getProfile(BasicProfileConfigFileLoader.java:55)
	at com.amazonaws.retry.internal.RetryModeResolver.profile(RetryModeResolver.java:92)
	at com.amazonaws.retry.internal.RetryModeResolver.resolveRetryMode(RetryModeResolver.java:83)
	at com.amazonaws.retry.internal.RetryModeResolver.<init>(RetryModeResolver.java:46)
	at com.amazonaws.retry.RetryPolicy.<clinit>(RetryPolicy.java:35)
	at com.amazonaws.retry.PredefinedRetryPolicies.<clinit>(PredefinedRetryPolicies.java:30)
	at com.amazonaws.ClientConfiguration.<clinit>(ClientConfiguration.java:89)
	at com.amazonaws.ClientConfigurationFactory.getDefaultConfig(ClientConfigurationFactory.java:46)
	at com.amazonaws.ClientConfigurationFactory.getConfig(ClientConfigurationFactory.java:36)
	at com.amazonaws.client.builder.AwsClientBuilder.resolveClientConfiguration(AwsClientBuilder.java:169)
	at com.amazonaws.client.builder.AwsClientBuilder.access$000(AwsClientBuilder.java:54)
	at com.amazonaws.client.builder.AwsClientBuilder$SyncBuilderParams.<init>(AwsClientBuilder.java:505)
	at com.amazonaws.client.builder.AwsClientBuilder.getSyncClientParams(AwsClientBuilder.java:441)
	at com.amazonaws.client.builder.AwsSyncClientBuilder.build(AwsSyncClientBuilder.java:46)
	at in.co.raystech.maven.project4.util.S3Handler.builder(S3Handler.java:59)
	at in.co.raystech.maven.project4.util.S3Handler.deleteImage(S3Handler.java:41)
	at in.co.raystech.maven.project4.util.S3Handler.main(S3Handler.java:20)
[main] WARN  com.amazonaws.services.s3.internal.UseArnRegionResolver  - Unable to load config file C:\Users\ramaw\.aws\credentials
java.lang.IllegalArgumentException: Property is defined without a preceding profile name on line 1
	at com.amazonaws.auth.profile.internal.AbstractProfilesConfigFileScanner.run(AbstractProfilesConfigFileScanner.java:122)
	at com.amazonaws.auth.profile.internal.BasicProfileConfigLoader$ProfilesConfigFileLoaderHelper.parseProfileProperties(BasicProfileConfigLoader.java:141)
	at com.amazonaws.auth.profile.internal.BasicProfileConfigLoader.loadProfiles(BasicProfileConfigLoader.java:86)
	at com.amazonaws.auth.profile.internal.BasicProfileConfigLoader.loadProfiles(BasicProfileConfigLoader.java:63)
	at com.amazonaws.auth.profile.ProfilesConfigFile.loadProfiles(ProfilesConfigFile.java:204)
	at com.amazonaws.auth.profile.ProfilesConfigFile.<init>(ProfilesConfigFile.java:145)
	at com.amazonaws.auth.profile.ProfilesConfigFile.<init>(ProfilesConfigFile.java:133)
	at com.amazonaws.services.s3.internal.UseArnRegionResolver.getProfilesConfigFile(UseArnRegionResolver.java:112)
	at com.amazonaws.services.s3.internal.UseArnRegionResolver.getProfile(UseArnRegionResolver.java:96)
	at com.amazonaws.services.s3.internal.UseArnRegionResolver.profile(UseArnRegionResolver.java:76)
	at com.amazonaws.services.s3.internal.UseArnRegionResolver.resolveUseArnRegion(UseArnRegionResolver.java:64)
	at com.amazonaws.services.s3.internal.UseArnRegionResolver.<init>(UseArnRegionResolver.java:53)
	at com.amazonaws.services.s3.internal.UseArnRegionResolver.<init>(UseArnRegionResolver.java:48)
	at com.amazonaws.services.s3.AmazonS3Client.<clinit>(AmazonS3Client.java:457)
	at com.amazonaws.services.s3.AmazonS3Builder$1.apply(AmazonS3Builder.java:35)
	at com.amazonaws.services.s3.AmazonS3Builder$1.apply(AmazonS3Builder.java:32)
	at com.amazonaws.services.s3.AmazonS3ClientBuilder.build(AmazonS3ClientBuilder.java:64)
	at com.amazonaws.services.s3.AmazonS3ClientBuilder.build(AmazonS3ClientBuilder.java:28)
	at com.amazonaws.client.builder.AwsSyncClientBuilder.build(AwsSyncClientBuilder.java:46)
	at in.co.raystech.maven.project4.util.S3Handler.builder(S3Handler.java:59)
	at in.co.raystech.maven.project4.util.S3Handler.deleteImage(S3Handler.java:41)
	at in.co.raystech.maven.project4.util.S3Handler.main(S3Handler.java:20)
[main] WARN  com.amazonaws.services.s3.internal.RegionalEndpointsOptionResolver  - Unable to load config file C:\Users\ramaw\.aws\credentials
java.lang.IllegalArgumentException: Property is defined without a preceding profile name on line 1
	at com.amazonaws.auth.profile.internal.AbstractProfilesConfigFileScanner.run(AbstractProfilesConfigFileScanner.java:122)
	at com.amazonaws.auth.profile.internal.BasicProfileConfigLoader$ProfilesConfigFileLoaderHelper.parseProfileProperties(BasicProfileConfigLoader.java:141)
	at com.amazonaws.auth.profile.internal.BasicProfileConfigLoader.loadProfiles(BasicProfileConfigLoader.java:86)
	at com.amazonaws.auth.profile.internal.BasicProfileConfigLoader.loadProfiles(BasicProfileConfigLoader.java:63)
	at com.amazonaws.auth.profile.ProfilesConfigFile.loadProfiles(ProfilesConfigFile.java:204)
	at com.amazonaws.auth.profile.ProfilesConfigFile.<init>(ProfilesConfigFile.java:145)
	at com.amazonaws.auth.profile.ProfilesConfigFile.<init>(ProfilesConfigFile.java:133)
	at com.amazonaws.services.s3.internal.RegionalEndpointsOptionResolver.getProfilesConfigFile(RegionalEndpointsOptionResolver.java:126)
	at com.amazonaws.services.s3.internal.RegionalEndpointsOptionResolver.getProfile(RegionalEndpointsOptionResolver.java:110)
	at com.amazonaws.services.s3.internal.RegionalEndpointsOptionResolver.profileOption(RegionalEndpointsOptionResolver.java:73)
	at com.amazonaws.services.s3.internal.RegionalEndpointsOptionResolver.useRegionalMode(RegionalEndpointsOptionResolver.java:60)
	at com.amazonaws.services.s3.AmazonS3Client.setRegion(AmazonS3Client.java:768)
	at com.amazonaws.client.builder.AwsClientBuilder.setRegion(AwsClientBuilder.java:456)
	at com.amazonaws.client.builder.AwsClientBuilder.configureMutableProperties(AwsClientBuilder.java:424)
	at com.amazonaws.client.builder.AwsSyncClientBuilder.build(AwsSyncClientBuilder.java:46)
	at in.co.raystech.maven.project4.util.S3Handler.builder(S3Handler.java:59)
	at in.co.raystech.maven.project4.util.S3Handler.deleteImage(S3Handler.java:41)
	at in.co.raystech.maven.project4.util.S3Handler.main(S3Handler.java:20)
[main] WARN  com.amazonaws.auth.profile.internal.BasicProfileConfigFileLoader  - Unable to load config file C:\Users\ramaw\.aws\credentials
java.lang.IllegalArgumentException: Property is defined without a preceding profile name on line 1
	at com.amazonaws.auth.profile.internal.AbstractProfilesConfigFileScanner.run(AbstractProfilesConfigFileScanner.java:122)
	at com.amazonaws.auth.profile.internal.BasicProfileConfigLoader$ProfilesConfigFileLoaderHelper.parseProfileProperties(BasicProfileConfigLoader.java:141)
	at com.amazonaws.auth.profile.internal.BasicProfileConfigLoader.loadProfiles(BasicProfileConfigLoader.java:86)
	at com.amazonaws.auth.profile.internal.BasicProfileConfigLoader.loadProfiles(BasicProfileConfigLoader.java:63)
	at com.amazonaws.auth.profile.ProfilesConfigFile.loadProfiles(ProfilesConfigFile.java:204)
	at com.amazonaws.auth.profile.ProfilesConfigFile.<init>(ProfilesConfigFile.java:145)
	at com.amazonaws.auth.profile.ProfilesConfigFile.<init>(ProfilesConfigFile.java:133)
	at com.amazonaws.auth.profile.internal.BasicProfileConfigFileLoader.getProfilesConfigFile(BasicProfileConfigFileLoader.java:71)
	at com.amazonaws.auth.profile.internal.BasicProfileConfigFileLoader.getProfile(BasicProfileConfigFileLoader.java:55)
	at com.amazonaws.retry.internal.RetryModeResolver.profile(RetryModeResolver.java:92)
	at com.amazonaws.retry.internal.RetryModeResolver.resolveRetryMode(RetryModeResolver.java:83)
	at com.amazonaws.retry.internal.RetryModeResolver.<init>(RetryModeResolver.java:46)
	at com.amazonaws.retry.RetryPolicy.<clinit>(RetryPolicy.java:35)
	at com.amazonaws.retry.PredefinedRetryPolicies.<clinit>(PredefinedRetryPolicies.java:30)
	at com.amazonaws.ClientConfiguration.<clinit>(ClientConfiguration.java:89)
	at com.amazonaws.ClientConfigurationFactory.getDefaultConfig(ClientConfigurationFactory.java:46)
	at com.amazonaws.ClientConfigurationFactory.getConfig(ClientConfigurationFactory.java:36)
	at com.amazonaws.client.builder.AwsClientBuilder.resolveClientConfiguration(AwsClientBuilder.java:169)
	at com.amazonaws.client.builder.AwsClientBuilder.access$000(AwsClientBuilder.java:54)
	at com.amazonaws.client.builder.AwsClientBuilder$SyncBuilderParams.<init>(AwsClientBuilder.java:505)
	at com.amazonaws.client.builder.AwsClientBuilder.getSyncClientParams(AwsClientBuilder.java:441)
	at com.amazonaws.client.builder.AwsSyncClientBuilder.build(AwsSyncClientBuilder.java:46)
	at in.co.raystech.maven.project4.util.S3Handler.builder(S3Handler.java:59)
	at in.co.raystech.maven.project4.util.S3Handler.deleteImage(S3Handler.java:41)
	at in.co.raystech.maven.project4.util.S3Handler.main(S3Handler.java:20)
[main] WARN  com.amazonaws.services.s3.internal.UseArnRegionResolver  - Unable to load config file C:\Users\ramaw\.aws\credentials
java.lang.IllegalArgumentException: Property is defined without a preceding profile name on line 1
	at com.amazonaws.auth.profile.internal.AbstractProfilesConfigFileScanner.run(AbstractProfilesConfigFileScanner.java:122)
	at com.amazonaws.auth.profile.internal.BasicProfileConfigLoader$ProfilesConfigFileLoaderHelper.parseProfileProperties(BasicProfileConfigLoader.java:141)
	at com.amazonaws.auth.profile.internal.BasicProfileConfigLoader.loadProfiles(BasicProfileConfigLoader.java:86)
	at com.amazonaws.auth.profile.internal.BasicProfileConfigLoader.loadProfiles(BasicProfileConfigLoader.java:63)
	at com.amazonaws.auth.profile.ProfilesConfigFile.loadProfiles(ProfilesConfigFile.java:204)
	at com.amazonaws.auth.profile.ProfilesConfigFile.<init>(ProfilesConfigFile.java:145)
	at com.amazonaws.auth.profile.ProfilesConfigFile.<init>(ProfilesConfigFile.java:133)
	at com.amazonaws.services.s3.internal.UseArnRegionResolver.getProfilesConfigFile(UseArnRegionResolver.java:112)
	at com.amazonaws.services.s3.internal.UseArnRegionResolver.getProfile(UseArnRegionResolver.java:96)
	at com.amazonaws.services.s3.internal.UseArnRegionResolver.profile(UseArnRegionResolver.java:76)
	at com.amazonaws.services.s3.internal.UseArnRegionResolver.resolveUseArnRegion(UseArnRegionResolver.java:64)
	at com.amazonaws.services.s3.internal.UseArnRegionResolver.<init>(UseArnRegionResolver.java:53)
	at com.amazonaws.services.s3.internal.UseArnRegionResolver.<init>(UseArnRegionResolver.java:48)
	at com.amazonaws.services.s3.AmazonS3Client.<clinit>(AmazonS3Client.java:457)
	at com.amazonaws.services.s3.AmazonS3Builder$1.apply(AmazonS3Builder.java:35)
	at com.amazonaws.services.s3.AmazonS3Builder$1.apply(AmazonS3Builder.java:32)
	at com.amazonaws.services.s3.AmazonS3ClientBuilder.build(AmazonS3ClientBuilder.java:64)
	at com.amazonaws.services.s3.AmazonS3ClientBuilder.build(AmazonS3ClientBuilder.java:28)
	at com.amazonaws.client.builder.AwsSyncClientBuilder.build(AwsSyncClientBuilder.java:46)
	at in.co.raystech.maven.project4.util.S3Handler.builder(S3Handler.java:59)
	at in.co.raystech.maven.project4.util.S3Handler.deleteImage(S3Handler.java:41)
	at in.co.raystech.maven.project4.util.S3Handler.main(S3Handler.java:20)
[main] WARN  com.amazonaws.services.s3.internal.RegionalEndpointsOptionResolver  - Unable to load config file C:\Users\ramaw\.aws\credentials
java.lang.IllegalArgumentException: Property is defined without a preceding profile name on line 1
	at com.amazonaws.auth.profile.internal.AbstractProfilesConfigFileScanner.run(AbstractProfilesConfigFileScanner.java:122)
	at com.amazonaws.auth.profile.internal.BasicProfileConfigLoader$ProfilesConfigFileLoaderHelper.parseProfileProperties(BasicProfileConfigLoader.java:141)
	at com.amazonaws.auth.profile.internal.BasicProfileConfigLoader.loadProfiles(BasicProfileConfigLoader.java:86)
	at com.amazonaws.auth.profile.internal.BasicProfileConfigLoader.loadProfiles(BasicProfileConfigLoader.java:63)
	at com.amazonaws.auth.profile.ProfilesConfigFile.loadProfiles(ProfilesConfigFile.java:204)
	at com.amazonaws.auth.profile.ProfilesConfigFile.<init>(ProfilesConfigFile.java:145)
	at com.amazonaws.auth.profile.ProfilesConfigFile.<init>(ProfilesConfigFile.java:133)
	at com.amazonaws.services.s3.internal.RegionalEndpointsOptionResolver.getProfilesConfigFile(RegionalEndpointsOptionResolver.java:126)
	at com.amazonaws.services.s3.internal.RegionalEndpointsOptionResolver.getProfile(RegionalEndpointsOptionResolver.java:110)
	at com.amazonaws.services.s3.internal.RegionalEndpointsOptionResolver.profileOption(RegionalEndpointsOptionResolver.java:73)
	at com.amazonaws.services.s3.internal.RegionalEndpointsOptionResolver.useRegionalMode(RegionalEndpointsOptionResolver.java:60)
	at com.amazonaws.services.s3.AmazonS3Client.setRegion(AmazonS3Client.java:768)
	at com.amazonaws.client.builder.AwsClientBuilder.setRegion(AwsClientBuilder.java:456)
	at com.amazonaws.client.builder.AwsClientBuilder.configureMutableProperties(AwsClientBuilder.java:424)
	at com.amazonaws.client.builder.AwsSyncClientBuilder.build(AwsSyncClientBuilder.java:46)
	at in.co.raystech.maven.project4.util.S3Handler.builder(S3Handler.java:59)
	at in.co.raystech.maven.project4.util.S3Handler.deleteImage(S3Handler.java:41)
	at in.co.raystech.maven.project4.util.S3Handler.main(S3Handler.java:20)
[main] WARN  com.amazonaws.auth.profile.internal.BasicProfileConfigFileLoader  - Unable to load config file C:\Users\ramaw\.aws\credentials
java.lang.IllegalArgumentException: Property is defined without a preceding profile name on line 1
	at com.amazonaws.auth.profile.internal.AbstractProfilesConfigFileScanner.run(AbstractProfilesConfigFileScanner.java:122)
	at com.amazonaws.auth.profile.internal.BasicProfileConfigLoader$ProfilesConfigFileLoaderHelper.parseProfileProperties(BasicProfileConfigLoader.java:141)
	at com.amazonaws.auth.profile.internal.BasicProfileConfigLoader.loadProfiles(BasicProfileConfigLoader.java:86)
	at com.amazonaws.auth.profile.internal.BasicProfileConfigLoader.loadProfiles(BasicProfileConfigLoader.java:63)
	at com.amazonaws.auth.profile.ProfilesConfigFile.loadProfiles(ProfilesConfigFile.java:204)
	at com.amazonaws.auth.profile.ProfilesConfigFile.<init>(ProfilesConfigFile.java:145)
	at com.amazonaws.auth.profile.ProfilesConfigFile.<init>(ProfilesConfigFile.java:133)
	at com.amazonaws.auth.profile.internal.BasicProfileConfigFileLoader.getProfilesConfigFile(BasicProfileConfigFileLoader.java:71)
	at com.amazonaws.auth.profile.internal.BasicProfileConfigFileLoader.getProfile(BasicProfileConfigFileLoader.java:55)
	at com.amazonaws.retry.internal.RetryModeResolver.profile(RetryModeResolver.java:92)
	at com.amazonaws.retry.internal.RetryModeResolver.resolveRetryMode(RetryModeResolver.java:83)
	at com.amazonaws.retry.internal.RetryModeResolver.<init>(RetryModeResolver.java:46)
	at com.amazonaws.retry.RetryPolicy.<clinit>(RetryPolicy.java:35)
	at com.amazonaws.retry.PredefinedRetryPolicies.<clinit>(PredefinedRetryPolicies.java:30)
	at com.amazonaws.ClientConfiguration.<clinit>(ClientConfiguration.java:89)
	at com.amazonaws.ClientConfigurationFactory.getDefaultConfig(ClientConfigurationFactory.java:46)
	at com.amazonaws.ClientConfigurationFactory.getConfig(ClientConfigurationFactory.java:36)
	at com.amazonaws.client.builder.AwsClientBuilder.resolveClientConfiguration(AwsClientBuilder.java:169)
	at com.amazonaws.client.builder.AwsClientBuilder.access$000(AwsClientBuilder.java:54)
	at com.amazonaws.client.builder.AwsClientBuilder$SyncBuilderParams.<init>(AwsClientBuilder.java:505)
	at com.amazonaws.client.builder.AwsClientBuilder.getSyncClientParams(AwsClientBuilder.java:441)
	at com.amazonaws.client.builder.AwsSyncClientBuilder.build(AwsSyncClientBuilder.java:46)
	at in.co.raystech.maven.project4.util.S3Handler.builder(S3Handler.java:59)
	at in.co.raystech.maven.project4.util.S3Handler.deleteImage(S3Handler.java:41)
	at in.co.raystech.maven.project4.util.S3Handler.main(S3Handler.java:20)
[main] WARN  com.amazonaws.services.s3.internal.UseArnRegionResolver  - Unable to load config file C:\Users\ramaw\.aws\credentials
java.lang.IllegalArgumentException: Property is defined without a preceding profile name on line 1
	at com.amazonaws.auth.profile.internal.AbstractProfilesConfigFileScanner.run(AbstractProfilesConfigFileScanner.java:122)
	at com.amazonaws.auth.profile.internal.BasicProfileConfigLoader$ProfilesConfigFileLoaderHelper.parseProfileProperties(BasicProfileConfigLoader.java:141)
	at com.amazonaws.auth.profile.internal.BasicProfileConfigLoader.loadProfiles(BasicProfileConfigLoader.java:86)
	at com.amazonaws.auth.profile.internal.BasicProfileConfigLoader.loadProfiles(BasicProfileConfigLoader.java:63)
	at com.amazonaws.auth.profile.ProfilesConfigFile.loadProfiles(ProfilesConfigFile.java:204)
	at com.amazonaws.auth.profile.ProfilesConfigFile.<init>(ProfilesConfigFile.java:145)
	at com.amazonaws.auth.profile.ProfilesConfigFile.<init>(ProfilesConfigFile.java:133)
	at com.amazonaws.services.s3.internal.UseArnRegionResolver.getProfilesConfigFile(UseArnRegionResolver.java:112)
	at com.amazonaws.services.s3.internal.UseArnRegionResolver.getProfile(UseArnRegionResolver.java:96)
	at com.amazonaws.services.s3.internal.UseArnRegionResolver.profile(UseArnRegionResolver.java:76)
	at com.amazonaws.services.s3.internal.UseArnRegionResolver.resolveUseArnRegion(UseArnRegionResolver.java:64)
	at com.amazonaws.services.s3.internal.UseArnRegionResolver.<init>(UseArnRegionResolver.java:53)
	at com.amazonaws.services.s3.internal.UseArnRegionResolver.<init>(UseArnRegionResolver.java:48)
	at com.amazonaws.services.s3.AmazonS3Client.<clinit>(AmazonS3Client.java:457)
	at com.amazonaws.services.s3.AmazonS3Builder$1.apply(AmazonS3Builder.java:35)
	at com.amazonaws.services.s3.AmazonS3Builder$1.apply(AmazonS3Builder.java:32)
	at com.amazonaws.services.s3.AmazonS3ClientBuilder.build(AmazonS3ClientBuilder.java:64)
	at com.amazonaws.services.s3.AmazonS3ClientBuilder.build(AmazonS3ClientBuilder.java:28)
	at com.amazonaws.client.builder.AwsSyncClientBuilder.build(AwsSyncClientBuilder.java:46)
	at in.co.raystech.maven.project4.util.S3Handler.builder(S3Handler.java:59)
	at in.co.raystech.maven.project4.util.S3Handler.deleteImage(S3Handler.java:41)
	at in.co.raystech.maven.project4.util.S3Handler.main(S3Handler.java:20)
[main] WARN  com.amazonaws.services.s3.internal.RegionalEndpointsOptionResolver  - Unable to load config file C:\Users\ramaw\.aws\credentials
java.lang.IllegalArgumentException: Property is defined without a preceding profile name on line 1
	at com.amazonaws.auth.profile.internal.AbstractProfilesConfigFileScanner.run(AbstractProfilesConfigFileScanner.java:122)
	at com.amazonaws.auth.profile.internal.BasicProfileConfigLoader$ProfilesConfigFileLoaderHelper.parseProfileProperties(BasicProfileConfigLoader.java:141)
	at com.amazonaws.auth.profile.internal.BasicProfileConfigLoader.loadProfiles(BasicProfileConfigLoader.java:86)
	at com.amazonaws.auth.profile.internal.BasicProfileConfigLoader.loadProfiles(BasicProfileConfigLoader.java:63)
	at com.amazonaws.auth.profile.ProfilesConfigFile.loadProfiles(ProfilesConfigFile.java:204)
	at com.amazonaws.auth.profile.ProfilesConfigFile.<init>(ProfilesConfigFile.java:145)
	at com.amazonaws.auth.profile.ProfilesConfigFile.<init>(ProfilesConfigFile.java:133)
	at com.amazonaws.services.s3.internal.RegionalEndpointsOptionResolver.getProfilesConfigFile(RegionalEndpointsOptionResolver.java:126)
	at com.amazonaws.services.s3.internal.RegionalEndpointsOptionResolver.getProfile(RegionalEndpointsOptionResolver.java:110)
	at com.amazonaws.services.s3.internal.RegionalEndpointsOptionResolver.profileOption(RegionalEndpointsOptionResolver.java:73)
	at com.amazonaws.services.s3.internal.RegionalEndpointsOptionResolver.useRegionalMode(RegionalEndpointsOptionResolver.java:60)
	at com.amazonaws.services.s3.AmazonS3Client.setRegion(AmazonS3Client.java:768)
	at com.amazonaws.client.builder.AwsClientBuilder.setRegion(AwsClientBuilder.java:456)
	at com.amazonaws.client.builder.AwsClientBuilder.configureMutableProperties(AwsClientBuilder.java:424)
	at com.amazonaws.client.builder.AwsSyncClientBuilder.build(AwsSyncClientBuilder.java:46)
	at in.co.raystech.maven.project4.util.S3Handler.builder(S3Handler.java:59)
	at in.co.raystech.maven.project4.util.S3Handler.deleteImage(S3Handler.java:41)
	at in.co.raystech.maven.project4.util.S3Handler.main(S3Handler.java:20)
[main] WARN  com.amazonaws.auth.profile.internal.BasicProfileConfigFileLoader  - Unable to load config file C:\Users\ramaw\.aws\credentials
java.lang.IllegalArgumentException: Property is defined without a preceding profile name on line 1
	at com.amazonaws.auth.profile.internal.AbstractProfilesConfigFileScanner.run(AbstractProfilesConfigFileScanner.java:122)
	at com.amazonaws.auth.profile.internal.BasicProfileConfigLoader$ProfilesConfigFileLoaderHelper.parseProfileProperties(BasicProfileConfigLoader.java:141)
	at com.amazonaws.auth.profile.internal.BasicProfileConfigLoader.loadProfiles(BasicProfileConfigLoader.java:86)
	at com.amazonaws.auth.profile.internal.BasicProfileConfigLoader.loadProfiles(BasicProfileConfigLoader.java:63)
	at com.amazonaws.auth.profile.ProfilesConfigFile.loadProfiles(ProfilesConfigFile.java:204)
	at com.amazonaws.auth.profile.ProfilesConfigFile.<init>(ProfilesConfigFile.java:145)
	at com.amazonaws.auth.profile.ProfilesConfigFile.<init>(ProfilesConfigFile.java:133)
	at com.amazonaws.auth.profile.internal.BasicProfileConfigFileLoader.getProfilesConfigFile(BasicProfileConfigFileLoader.java:71)
	at com.amazonaws.auth.profile.internal.BasicProfileConfigFileLoader.getProfile(BasicProfileConfigFileLoader.java:55)
	at com.amazonaws.retry.internal.RetryModeResolver.profile(RetryModeResolver.java:92)
	at com.amazonaws.retry.internal.RetryModeResolver.resolveRetryMode(RetryModeResolver.java:83)
	at com.amazonaws.retry.internal.RetryModeResolver.<init>(RetryModeResolver.java:46)
	at com.amazonaws.retry.RetryPolicy.<clinit>(RetryPolicy.java:35)
	at com.amazonaws.retry.PredefinedRetryPolicies.<clinit>(PredefinedRetryPolicies.java:30)
	at com.amazonaws.ClientConfiguration.<clinit>(ClientConfiguration.java:89)
	at com.amazonaws.ClientConfigurationFactory.getDefaultConfig(ClientConfigurationFactory.java:46)
	at com.amazonaws.ClientConfigurationFactory.getConfig(ClientConfigurationFactory.java:36)
	at com.amazonaws.client.builder.AwsClientBuilder.resolveClientConfiguration(AwsClientBuilder.java:169)
	at com.amazonaws.client.builder.AwsClientBuilder.access$000(AwsClientBuilder.java:54)
	at com.amazonaws.client.builder.AwsClientBuilder$SyncBuilderParams.<init>(AwsClientBuilder.java:505)
	at com.amazonaws.client.builder.AwsClientBuilder.getSyncClientParams(AwsClientBuilder.java:441)
	at com.amazonaws.client.builder.AwsSyncClientBuilder.build(AwsSyncClientBuilder.java:46)
	at in.co.raystech.maven.project4.util.S3Handler.builder(S3Handler.java:59)
	at in.co.raystech.maven.project4.util.S3Handler.deleteImage(S3Handler.java:41)
	at in.co.raystech.maven.project4.util.S3Handler.main(S3Handler.java:20)
[main] WARN  com.amazonaws.services.s3.internal.UseArnRegionResolver  - Unable to load config file C:\Users\ramaw\.aws\credentials
java.lang.IllegalArgumentException: Property is defined without a preceding profile name on line 1
	at com.amazonaws.auth.profile.internal.AbstractProfilesConfigFileScanner.run(AbstractProfilesConfigFileScanner.java:122)
	at com.amazonaws.auth.profile.internal.BasicProfileConfigLoader$ProfilesConfigFileLoaderHelper.parseProfileProperties(BasicProfileConfigLoader.java:141)
	at com.amazonaws.auth.profile.internal.BasicProfileConfigLoader.loadProfiles(BasicProfileConfigLoader.java:86)
	at com.amazonaws.auth.profile.internal.BasicProfileConfigLoader.loadProfiles(BasicProfileConfigLoader.java:63)
	at com.amazonaws.auth.profile.ProfilesConfigFile.loadProfiles(ProfilesConfigFile.java:204)
	at com.amazonaws.auth.profile.ProfilesConfigFile.<init>(ProfilesConfigFile.java:145)
	at com.amazonaws.auth.profile.ProfilesConfigFile.<init>(ProfilesConfigFile.java:133)
	at com.amazonaws.services.s3.internal.UseArnRegionResolver.getProfilesConfigFile(UseArnRegionResolver.java:112)
	at com.amazonaws.services.s3.internal.UseArnRegionResolver.getProfile(UseArnRegionResolver.java:96)
	at com.amazonaws.services.s3.internal.UseArnRegionResolver.profile(UseArnRegionResolver.java:76)
	at com.amazonaws.services.s3.internal.UseArnRegionResolver.resolveUseArnRegion(UseArnRegionResolver.java:64)
	at com.amazonaws.services.s3.internal.UseArnRegionResolver.<init>(UseArnRegionResolver.java:53)
	at com.amazonaws.services.s3.internal.UseArnRegionResolver.<init>(UseArnRegionResolver.java:48)
	at com.amazonaws.services.s3.AmazonS3Client.<clinit>(AmazonS3Client.java:457)
	at com.amazonaws.services.s3.AmazonS3Builder$1.apply(AmazonS3Builder.java:35)
	at com.amazonaws.services.s3.AmazonS3Builder$1.apply(AmazonS3Builder.java:32)
	at com.amazonaws.services.s3.AmazonS3ClientBuilder.build(AmazonS3ClientBuilder.java:64)
	at com.amazonaws.services.s3.AmazonS3ClientBuilder.build(AmazonS3ClientBuilder.java:28)
	at com.amazonaws.client.builder.AwsSyncClientBuilder.build(AwsSyncClientBuilder.java:46)
	at in.co.raystech.maven.project4.util.S3Handler.builder(S3Handler.java:59)
	at in.co.raystech.maven.project4.util.S3Handler.deleteImage(S3Handler.java:41)
	at in.co.raystech.maven.project4.util.S3Handler.main(S3Handler.java:20)
[main] WARN  com.amazonaws.services.s3.internal.RegionalEndpointsOptionResolver  - Unable to load config file C:\Users\ramaw\.aws\credentials
java.lang.IllegalArgumentException: Property is defined without a preceding profile name on line 1
	at com.amazonaws.auth.profile.internal.AbstractProfilesConfigFileScanner.run(AbstractProfilesConfigFileScanner.java:122)
	at com.amazonaws.auth.profile.internal.BasicProfileConfigLoader$ProfilesConfigFileLoaderHelper.parseProfileProperties(BasicProfileConfigLoader.java:141)
	at com.amazonaws.auth.profile.internal.BasicProfileConfigLoader.loadProfiles(BasicProfileConfigLoader.java:86)
	at com.amazonaws.auth.profile.internal.BasicProfileConfigLoader.loadProfiles(BasicProfileConfigLoader.java:63)
	at com.amazonaws.auth.profile.ProfilesConfigFile.loadProfiles(ProfilesConfigFile.java:204)
	at com.amazonaws.auth.profile.ProfilesConfigFile.<init>(ProfilesConfigFile.java:145)
	at com.amazonaws.auth.profile.ProfilesConfigFile.<init>(ProfilesConfigFile.java:133)
	at com.amazonaws.services.s3.internal.RegionalEndpointsOptionResolver.getProfilesConfigFile(RegionalEndpointsOptionResolver.java:126)
	at com.amazonaws.services.s3.internal.RegionalEndpointsOptionResolver.getProfile(RegionalEndpointsOptionResolver.java:110)
	at com.amazonaws.services.s3.internal.RegionalEndpointsOptionResolver.profileOption(RegionalEndpointsOptionResolver.java:73)
	at com.amazonaws.services.s3.internal.RegionalEndpointsOptionResolver.useRegionalMode(RegionalEndpointsOptionResolver.java:60)
	at com.amazonaws.services.s3.AmazonS3Client.setRegion(AmazonS3Client.java:768)
	at com.amazonaws.client.builder.AwsClientBuilder.setRegion(AwsClientBuilder.java:456)
	at com.amazonaws.client.builder.AwsClientBuilder.configureMutableProperties(AwsClientBuilder.java:424)
	at com.amazonaws.client.builder.AwsSyncClientBuilder.build(AwsSyncClientBuilder.java:46)
	at in.co.raystech.maven.project4.util.S3Handler.builder(S3Handler.java:59)
	at in.co.raystech.maven.project4.util.S3Handler.deleteImage(S3Handler.java:41)
	at in.co.raystech.maven.project4.util.S3Handler.main(S3Handler.java:20)
[main] WARN  com.amazonaws.auth.profile.internal.BasicProfileConfigFileLoader  - Unable to load config file C:\Users\ramaw\.aws\credentials
java.lang.IllegalArgumentException: Property is defined without a preceding profile name on line 1
	at com.amazonaws.auth.profile.internal.AbstractProfilesConfigFileScanner.run(AbstractProfilesConfigFileScanner.java:122)
	at com.amazonaws.auth.profile.internal.BasicProfileConfigLoader$ProfilesConfigFileLoaderHelper.parseProfileProperties(BasicProfileConfigLoader.java:141)
	at com.amazonaws.auth.profile.internal.BasicProfileConfigLoader.loadProfiles(BasicProfileConfigLoader.java:86)
	at com.amazonaws.auth.profile.internal.BasicProfileConfigLoader.loadProfiles(BasicProfileConfigLoader.java:63)
	at com.amazonaws.auth.profile.ProfilesConfigFile.loadProfiles(ProfilesConfigFile.java:204)
	at com.amazonaws.auth.profile.ProfilesConfigFile.<init>(ProfilesConfigFile.java:145)
	at com.amazonaws.auth.profile.ProfilesConfigFile.<init>(ProfilesConfigFile.java:133)
	at com.amazonaws.auth.profile.internal.BasicProfileConfigFileLoader.getProfilesConfigFile(BasicProfileConfigFileLoader.java:71)
	at com.amazonaws.auth.profile.internal.BasicProfileConfigFileLoader.getProfile(BasicProfileConfigFileLoader.java:55)
	at com.amazonaws.retry.internal.RetryModeResolver.profile(RetryModeResolver.java:92)
	at com.amazonaws.retry.internal.RetryModeResolver.resolveRetryMode(RetryModeResolver.java:83)
	at com.amazonaws.retry.internal.RetryModeResolver.<init>(RetryModeResolver.java:46)
	at com.amazonaws.retry.RetryPolicy.<clinit>(RetryPolicy.java:35)
	at com.amazonaws.retry.PredefinedRetryPolicies.<clinit>(PredefinedRetryPolicies.java:30)
	at com.amazonaws.ClientConfiguration.<clinit>(ClientConfiguration.java:89)
	at com.amazonaws.ClientConfigurationFactory.getDefaultConfig(ClientConfigurationFactory.java:46)
	at com.amazonaws.ClientConfigurationFactory.getConfig(ClientConfigurationFactory.java:36)
	at com.amazonaws.client.builder.AwsClientBuilder.resolveClientConfiguration(AwsClientBuilder.java:169)
	at com.amazonaws.client.builder.AwsClientBuilder.access$000(AwsClientBuilder.java:54)
	at com.amazonaws.client.builder.AwsClientBuilder$SyncBuilderParams.<init>(AwsClientBuilder.java:505)
	at com.amazonaws.client.builder.AwsClientBuilder.getSyncClientParams(AwsClientBuilder.java:441)
	at com.amazonaws.client.builder.AwsSyncClientBuilder.build(AwsSyncClientBuilder.java:46)
	at in.co.raystech.maven.project4.util.S3Handler.builder(S3Handler.java:59)
	at in.co.raystech.maven.project4.util.S3Handler.deleteImage(S3Handler.java:41)
	at in.co.raystech.maven.project4.util.S3Handler.main(S3Handler.java:20)
[main] WARN  com.amazonaws.services.s3.internal.UseArnRegionResolver  - Unable to load config file C:\Users\ramaw\.aws\credentials
java.lang.IllegalArgumentException: Property is defined without a preceding profile name on line 1
	at com.amazonaws.auth.profile.internal.AbstractProfilesConfigFileScanner.run(AbstractProfilesConfigFileScanner.java:122)
	at com.amazonaws.auth.profile.internal.BasicProfileConfigLoader$ProfilesConfigFileLoaderHelper.parseProfileProperties(BasicProfileConfigLoader.java:141)
	at com.amazonaws.auth.profile.internal.BasicProfileConfigLoader.loadProfiles(BasicProfileConfigLoader.java:86)
	at com.amazonaws.auth.profile.internal.BasicProfileConfigLoader.loadProfiles(BasicProfileConfigLoader.java:63)
	at com.amazonaws.auth.profile.ProfilesConfigFile.loadProfiles(ProfilesConfigFile.java:204)
	at com.amazonaws.auth.profile.ProfilesConfigFile.<init>(ProfilesConfigFile.java:145)
	at com.amazonaws.auth.profile.ProfilesConfigFile.<init>(ProfilesConfigFile.java:133)
	at com.amazonaws.services.s3.internal.UseArnRegionResolver.getProfilesConfigFile(UseArnRegionResolver.java:112)
	at com.amazonaws.services.s3.internal.UseArnRegionResolver.getProfile(UseArnRegionResolver.java:96)
	at com.amazonaws.services.s3.internal.UseArnRegionResolver.profile(UseArnRegionResolver.java:76)
	at com.amazonaws.services.s3.internal.UseArnRegionResolver.resolveUseArnRegion(UseArnRegionResolver.java:64)
	at com.amazonaws.services.s3.internal.UseArnRegionResolver.<init>(UseArnRegionResolver.java:53)
	at com.amazonaws.services.s3.internal.UseArnRegionResolver.<init>(UseArnRegionResolver.java:48)
	at com.amazonaws.services.s3.AmazonS3Client.<clinit>(AmazonS3Client.java:457)
	at com.amazonaws.services.s3.AmazonS3Builder$1.apply(AmazonS3Builder.java:35)
	at com.amazonaws.services.s3.AmazonS3Builder$1.apply(AmazonS3Builder.java:32)
	at com.amazonaws.services.s3.AmazonS3ClientBuilder.build(AmazonS3ClientBuilder.java:64)
	at com.amazonaws.services.s3.AmazonS3ClientBuilder.build(AmazonS3ClientBuilder.java:28)
	at com.amazonaws.client.builder.AwsSyncClientBuilder.build(AwsSyncClientBuilder.java:46)
	at in.co.raystech.maven.project4.util.S3Handler.builder(S3Handler.java:59)
	at in.co.raystech.maven.project4.util.S3Handler.deleteImage(S3Handler.java:41)
	at in.co.raystech.maven.project4.util.S3Handler.main(S3Handler.java:20)
[main] WARN  com.amazonaws.services.s3.internal.RegionalEndpointsOptionResolver  - Unable to load config file C:\Users\ramaw\.aws\credentials
java.lang.IllegalArgumentException: Property is defined without a preceding profile name on line 1
	at com.amazonaws.auth.profile.internal.AbstractProfilesConfigFileScanner.run(AbstractProfilesConfigFileScanner.java:122)
	at com.amazonaws.auth.profile.internal.BasicProfileConfigLoader$ProfilesConfigFileLoaderHelper.parseProfileProperties(BasicProfileConfigLoader.java:141)
	at com.amazonaws.auth.profile.internal.BasicProfileConfigLoader.loadProfiles(BasicProfileConfigLoader.java:86)
	at com.amazonaws.auth.profile.internal.BasicProfileConfigLoader.loadProfiles(BasicProfileConfigLoader.java:63)
	at com.amazonaws.auth.profile.ProfilesConfigFile.loadProfiles(ProfilesConfigFile.java:204)
	at com.amazonaws.auth.profile.ProfilesConfigFile.<init>(ProfilesConfigFile.java:145)
	at com.amazonaws.auth.profile.ProfilesConfigFile.<init>(ProfilesConfigFile.java:133)
	at com.amazonaws.services.s3.internal.RegionalEndpointsOptionResolver.getProfilesConfigFile(RegionalEndpointsOptionResolver.java:126)
	at com.amazonaws.services.s3.internal.RegionalEndpointsOptionResolver.getProfile(RegionalEndpointsOptionResolver.java:110)
	at com.amazonaws.services.s3.internal.RegionalEndpointsOptionResolver.profileOption(RegionalEndpointsOptionResolver.java:73)
	at com.amazonaws.services.s3.internal.RegionalEndpointsOptionResolver.useRegionalMode(RegionalEndpointsOptionResolver.java:60)
	at com.amazonaws.services.s3.AmazonS3Client.setRegion(AmazonS3Client.java:768)
	at com.amazonaws.client.builder.AwsClientBuilder.setRegion(AwsClientBuilder.java:456)
	at com.amazonaws.client.builder.AwsClientBuilder.configureMutableProperties(AwsClientBuilder.java:424)
	at com.amazonaws.client.builder.AwsSyncClientBuilder.build(AwsSyncClientBuilder.java:46)
	at in.co.raystech.maven.project4.util.S3Handler.builder(S3Handler.java:59)
	at in.co.raystech.maven.project4.util.S3Handler.deleteImage(S3Handler.java:41)
	at in.co.raystech.maven.project4.util.S3Handler.main(S3Handler.java:20)
[main] WARN  com.amazonaws.auth.profile.internal.BasicProfileConfigFileLoader  - Unable to load config file C:\Users\ramaw\.aws\credentials
java.lang.IllegalArgumentException: Property is defined without a preceding profile name on line 1
	at com.amazonaws.auth.profile.internal.AbstractProfilesConfigFileScanner.run(AbstractProfilesConfigFileScanner.java:122)
	at com.amazonaws.auth.profile.internal.BasicProfileConfigLoader$ProfilesConfigFileLoaderHelper.parseProfileProperties(BasicProfileConfigLoader.java:141)
	at com.amazonaws.auth.profile.internal.BasicProfileConfigLoader.loadProfiles(BasicProfileConfigLoader.java:86)
	at com.amazonaws.auth.profile.internal.BasicProfileConfigLoader.loadProfiles(BasicProfileConfigLoader.java:63)
	at com.amazonaws.auth.profile.ProfilesConfigFile.loadProfiles(ProfilesConfigFile.java:204)
	at com.amazonaws.auth.profile.ProfilesConfigFile.<init>(ProfilesConfigFile.java:145)
	at com.amazonaws.auth.profile.ProfilesConfigFile.<init>(ProfilesConfigFile.java:133)
	at com.amazonaws.auth.profile.internal.BasicProfileConfigFileLoader.getProfilesConfigFile(BasicProfileConfigFileLoader.java:71)
	at com.amazonaws.auth.profile.internal.BasicProfileConfigFileLoader.getProfile(BasicProfileConfigFileLoader.java:55)
	at com.amazonaws.retry.internal.RetryModeResolver.profile(RetryModeResolver.java:92)
	at com.amazonaws.retry.internal.RetryModeResolver.resolveRetryMode(RetryModeResolver.java:83)
	at com.amazonaws.retry.internal.RetryModeResolver.<init>(RetryModeResolver.java:46)
	at com.amazonaws.retry.RetryPolicy.<clinit>(RetryPolicy.java:35)
	at com.amazonaws.retry.PredefinedRetryPolicies.<clinit>(PredefinedRetryPolicies.java:30)
	at com.amazonaws.ClientConfiguration.<clinit>(ClientConfiguration.java:89)
	at com.amazonaws.ClientConfigurationFactory.getDefaultConfig(ClientConfigurationFactory.java:46)
	at com.amazonaws.ClientConfigurationFactory.getConfig(ClientConfigurationFactory.java:36)
	at com.amazonaws.client.builder.AwsClientBuilder.resolveClientConfiguration(AwsClientBuilder.java:169)
	at com.amazonaws.client.builder.AwsClientBuilder.access$000(AwsClientBuilder.java:54)
	at com.amazonaws.client.builder.AwsClientBuilder$SyncBuilderParams.<init>(AwsClientBuilder.java:505)
	at com.amazonaws.client.builder.AwsClientBuilder.getSyncClientParams(AwsClientBuilder.java:441)
	at com.amazonaws.client.builder.AwsSyncClientBuilder.build(AwsSyncClientBuilder.java:46)
	at in.co.raystech.maven.project4.util.S3Handler.builder(S3Handler.java:59)
	at in.co.raystech.maven.project4.util.S3Handler.deleteImage(S3Handler.java:41)
	at in.co.raystech.maven.project4.util.S3Handler.main(S3Handler.java:20)
[main] WARN  com.amazonaws.services.s3.internal.UseArnRegionResolver  - Unable to load config file C:\Users\ramaw\.aws\credentials
java.lang.IllegalArgumentException: Property is defined without a preceding profile name on line 1
	at com.amazonaws.auth.profile.internal.AbstractProfilesConfigFileScanner.run(AbstractProfilesConfigFileScanner.java:122)
	at com.amazonaws.auth.profile.internal.BasicProfileConfigLoader$ProfilesConfigFileLoaderHelper.parseProfileProperties(BasicProfileConfigLoader.java:141)
	at com.amazonaws.auth.profile.internal.BasicProfileConfigLoader.loadProfiles(BasicProfileConfigLoader.java:86)
	at com.amazonaws.auth.profile.internal.BasicProfileConfigLoader.loadProfiles(BasicProfileConfigLoader.java:63)
	at com.amazonaws.auth.profile.ProfilesConfigFile.loadProfiles(ProfilesConfigFile.java:204)
	at com.amazonaws.auth.profile.ProfilesConfigFile.<init>(ProfilesConfigFile.java:145)
	at com.amazonaws.auth.profile.ProfilesConfigFile.<init>(ProfilesConfigFile.java:133)
	at com.amazonaws.services.s3.internal.UseArnRegionResolver.getProfilesConfigFile(UseArnRegionResolver.java:112)
	at com.amazonaws.services.s3.internal.UseArnRegionResolver.getProfile(UseArnRegionResolver.java:96)
	at com.amazonaws.services.s3.internal.UseArnRegionResolver.profile(UseArnRegionResolver.java:76)
	at com.amazonaws.services.s3.internal.UseArnRegionResolver.resolveUseArnRegion(UseArnRegionResolver.java:64)
	at com.amazonaws.services.s3.internal.UseArnRegionResolver.<init>(UseArnRegionResolver.java:53)
	at com.amazonaws.services.s3.internal.UseArnRegionResolver.<init>(UseArnRegionResolver.java:48)
	at com.amazonaws.services.s3.AmazonS3Client.<clinit>(AmazonS3Client.java:457)
	at com.amazonaws.services.s3.AmazonS3Builder$1.apply(AmazonS3Builder.java:35)
	at com.amazonaws.services.s3.AmazonS3Builder$1.apply(AmazonS3Builder.java:32)
	at com.amazonaws.services.s3.AmazonS3ClientBuilder.build(AmazonS3ClientBuilder.java:64)
	at com.amazonaws.services.s3.AmazonS3ClientBuilder.build(AmazonS3ClientBuilder.java:28)
	at com.amazonaws.client.builder.AwsSyncClientBuilder.build(AwsSyncClientBuilder.java:46)
	at in.co.raystech.maven.project4.util.S3Handler.builder(S3Handler.java:59)
	at in.co.raystech.maven.project4.util.S3Handler.deleteImage(S3Handler.java:41)
	at in.co.raystech.maven.project4.util.S3Handler.main(S3Handler.java:20)
[main] WARN  com.amazonaws.services.s3.internal.RegionalEndpointsOptionResolver  - Unable to load config file C:\Users\ramaw\.aws\credentials
java.lang.IllegalArgumentException: Property is defined without a preceding profile name on line 1
	at com.amazonaws.auth.profile.internal.AbstractProfilesConfigFileScanner.run(AbstractProfilesConfigFileScanner.java:122)
	at com.amazonaws.auth.profile.internal.BasicProfileConfigLoader$ProfilesConfigFileLoaderHelper.parseProfileProperties(BasicProfileConfigLoader.java:141)
	at com.amazonaws.auth.profile.internal.BasicProfileConfigLoader.loadProfiles(BasicProfileConfigLoader.java:86)
	at com.amazonaws.auth.profile.internal.BasicProfileConfigLoader.loadProfiles(BasicProfileConfigLoader.java:63)
	at com.amazonaws.auth.profile.ProfilesConfigFile.loadProfiles(ProfilesConfigFile.java:204)
	at com.amazonaws.auth.profile.ProfilesConfigFile.<init>(ProfilesConfigFile.java:145)
	at com.amazonaws.auth.profile.ProfilesConfigFile.<init>(ProfilesConfigFile.java:133)
	at com.amazonaws.services.s3.internal.RegionalEndpointsOptionResolver.getProfilesConfigFile(RegionalEndpointsOptionResolver.java:126)
	at com.amazonaws.services.s3.internal.RegionalEndpointsOptionResolver.getProfile(RegionalEndpointsOptionResolver.java:110)
	at com.amazonaws.services.s3.internal.RegionalEndpointsOptionResolver.profileOption(RegionalEndpointsOptionResolver.java:73)
	at com.amazonaws.services.s3.internal.RegionalEndpointsOptionResolver.useRegionalMode(RegionalEndpointsOptionResolver.java:60)
	at com.amazonaws.services.s3.AmazonS3Client.setRegion(AmazonS3Client.java:768)
	at com.amazonaws.client.builder.AwsClientBuilder.setRegion(AwsClientBuilder.java:456)
	at com.amazonaws.client.builder.AwsClientBuilder.configureMutableProperties(AwsClientBuilder.java:424)
	at com.amazonaws.client.builder.AwsSyncClientBuilder.build(AwsSyncClientBuilder.java:46)
	at in.co.raystech.maven.project4.util.S3Handler.builder(S3Handler.java:59)
	at in.co.raystech.maven.project4.util.S3Handler.deleteImage(S3Handler.java:41)
	at in.co.raystech.maven.project4.util.S3Handler.main(S3Handler.java:20)
[main] WARN  com.amazonaws.auth.profile.internal.BasicProfileConfigFileLoader  - Unable to load config file C:\Users\ramaw\.aws\credentials
java.lang.IllegalArgumentException: AWS credential profiles file not found in the given path: C:\Users\ramaw\.aws\credentials
	at com.amazonaws.auth.profile.internal.BasicProfileConfigLoader.loadProfiles(BasicProfileConfigLoader.java:57)
	at com.amazonaws.auth.profile.ProfilesConfigFile.loadProfiles(ProfilesConfigFile.java:204)
	at com.amazonaws.auth.profile.ProfilesConfigFile.<init>(ProfilesConfigFile.java:145)
	at com.amazonaws.auth.profile.ProfilesConfigFile.<init>(ProfilesConfigFile.java:133)
	at com.amazonaws.auth.profile.internal.BasicProfileConfigFileLoader.getProfilesConfigFile(BasicProfileConfigFileLoader.java:71)
	at com.amazonaws.auth.profile.internal.BasicProfileConfigFileLoader.getProfile(BasicProfileConfigFileLoader.java:55)
	at com.amazonaws.retry.internal.RetryModeResolver.profile(RetryModeResolver.java:92)
	at com.amazonaws.retry.internal.RetryModeResolver.resolveRetryMode(RetryModeResolver.java:83)
	at com.amazonaws.retry.internal.RetryModeResolver.<init>(RetryModeResolver.java:46)
	at com.amazonaws.retry.RetryPolicy.<clinit>(RetryPolicy.java:35)
	at com.amazonaws.retry.PredefinedRetryPolicies.<clinit>(PredefinedRetryPolicies.java:30)
	at com.amazonaws.ClientConfiguration.<clinit>(ClientConfiguration.java:89)
	at com.amazonaws.ClientConfigurationFactory.getDefaultConfig(ClientConfigurationFactory.java:46)
	at com.amazonaws.ClientConfigurationFactory.getConfig(ClientConfigurationFactory.java:36)
	at com.amazonaws.client.builder.AwsClientBuilder.resolveClientConfiguration(AwsClientBuilder.java:169)
	at com.amazonaws.client.builder.AwsClientBuilder.access$000(AwsClientBuilder.java:54)
	at com.amazonaws.client.builder.AwsClientBuilder$SyncBuilderParams.<init>(AwsClientBuilder.java:505)
	at com.amazonaws.client.builder.AwsClientBuilder.getSyncClientParams(AwsClientBuilder.java:441)
	at com.amazonaws.client.builder.AwsSyncClientBuilder.build(AwsSyncClientBuilder.java:46)
	at in.co.raystech.maven.project4.util.S3Handler.builder(S3Handler.java:59)
	at in.co.raystech.maven.project4.util.S3Handler.deleteImage(S3Handler.java:41)
	at in.co.raystech.maven.project4.util.S3Handler.main(S3Handler.java:20)
[main] WARN  com.amazonaws.services.s3.internal.UseArnRegionResolver  - Unable to load config file C:\Users\ramaw\.aws\credentials
java.lang.IllegalArgumentException: AWS credential profiles file not found in the given path: C:\Users\ramaw\.aws\credentials
	at com.amazonaws.auth.profile.internal.BasicProfileConfigLoader.loadProfiles(BasicProfileConfigLoader.java:57)
	at com.amazonaws.auth.profile.ProfilesConfigFile.loadProfiles(ProfilesConfigFile.java:204)
	at com.amazonaws.auth.profile.ProfilesConfigFile.<init>(ProfilesConfigFile.java:145)
	at com.amazonaws.auth.profile.ProfilesConfigFile.<init>(ProfilesConfigFile.java:133)
	at com.amazonaws.services.s3.internal.UseArnRegionResolver.getProfilesConfigFile(UseArnRegionResolver.java:112)
	at com.amazonaws.services.s3.internal.UseArnRegionResolver.getProfile(UseArnRegionResolver.java:96)
	at com.amazonaws.services.s3.internal.UseArnRegionResolver.profile(UseArnRegionResolver.java:76)
	at com.amazonaws.services.s3.internal.UseArnRegionResolver.resolveUseArnRegion(UseArnRegionResolver.java:64)
	at com.amazonaws.services.s3.internal.UseArnRegionResolver.<init>(UseArnRegionResolver.java:53)
	at com.amazonaws.services.s3.internal.UseArnRegionResolver.<init>(UseArnRegionResolver.java:48)
	at com.amazonaws.services.s3.AmazonS3Client.<clinit>(AmazonS3Client.java:457)
	at com.amazonaws.services.s3.AmazonS3Builder$1.apply(AmazonS3Builder.java:35)
	at com.amazonaws.services.s3.AmazonS3Builder$1.apply(AmazonS3Builder.java:32)
	at com.amazonaws.services.s3.AmazonS3ClientBuilder.build(AmazonS3ClientBuilder.java:64)
	at com.amazonaws.services.s3.AmazonS3ClientBuilder.build(AmazonS3ClientBuilder.java:28)
	at com.amazonaws.client.builder.AwsSyncClientBuilder.build(AwsSyncClientBuilder.java:46)
	at in.co.raystech.maven.project4.util.S3Handler.builder(S3Handler.java:59)
	at in.co.raystech.maven.project4.util.S3Handler.deleteImage(S3Handler.java:41)
	at in.co.raystech.maven.project4.util.S3Handler.main(S3Handler.java:20)
[main] WARN  com.amazonaws.services.s3.internal.RegionalEndpointsOptionResolver  - Unable to load config file C:\Users\ramaw\.aws\credentials
java.lang.IllegalArgumentException: AWS credential profiles file not found in the given path: C:\Users\ramaw\.aws\credentials
	at com.amazonaws.auth.profile.internal.BasicProfileConfigLoader.loadProfiles(BasicProfileConfigLoader.java:57)
	at com.amazonaws.auth.profile.ProfilesConfigFile.loadProfiles(ProfilesConfigFile.java:204)
	at com.amazonaws.auth.profile.ProfilesConfigFile.<init>(ProfilesConfigFile.java:145)
	at com.amazonaws.auth.profile.ProfilesConfigFile.<init>(ProfilesConfigFile.java:133)
	at com.amazonaws.services.s3.internal.RegionalEndpointsOptionResolver.getProfilesConfigFile(RegionalEndpointsOptionResolver.java:126)
	at com.amazonaws.services.s3.internal.RegionalEndpointsOptionResolver.getProfile(RegionalEndpointsOptionResolver.java:110)
	at com.amazonaws.services.s3.internal.RegionalEndpointsOptionResolver.profileOption(RegionalEndpointsOptionResolver.java:73)
	at com.amazonaws.services.s3.internal.RegionalEndpointsOptionResolver.useRegionalMode(RegionalEndpointsOptionResolver.java:60)
	at com.amazonaws.services.s3.AmazonS3Client.setRegion(AmazonS3Client.java:768)
	at com.amazonaws.client.builder.AwsClientBuilder.setRegion(AwsClientBuilder.java:456)
	at com.amazonaws.client.builder.AwsClientBuilder.configureMutableProperties(AwsClientBuilder.java:424)
	at com.amazonaws.client.builder.AwsSyncClientBuilder.build(AwsSyncClientBuilder.java:46)
	at in.co.raystech.maven.project4.util.S3Handler.builder(S3Handler.java:59)
	at in.co.raystech.maven.project4.util.S3Handler.deleteImage(S3Handler.java:41)
	at in.co.raystech.maven.project4.util.S3Handler.main(S3Handler.java:20)
[main] INFO  com.mchange.v2.log.MLog  - MLog clients using log4j logging.
[main] INFO  com.mchange.v2.c3p0.C3P0Registry  - Initializing c3p0-0.9.1.2 [built 21-May-2007 15:04:56; debug? true; trace: 10]
[main] INFO  com.mchange.v2.c3p0.impl.AbstractPoolBackedDataSource  - Initializing c3p0 pool... com.mchange.v2.c3p0.ComboPooledDataSource [ acquireIncrement -> 10, acquireRetryAttempts -> 30, acquireRetryDelay -> 1000, autoCommitOnClose -> false, automaticTestTable -> null, breakAfterAcquireFailure -> false, checkoutTimeout -> 0, connectionCustomizerClassName -> null, connectionTesterClassName -> com.mchange.v2.c3p0.impl.DefaultConnectionTester, dataSourceName -> 1hge13aafqdmqrk1xtpvxr|7ab2bfe1, debugUnreturnedConnectionStackTraces -> false, description -> null, driverClass -> com.mysql.jdbc.Driver, factoryClassLocation -> null, forceIgnoreUnresolvedTransactions -> false, identityToken -> 1hge13aafqdmqrk1xtpvxr|7ab2bfe1, idleConnectionTestPeriod -> 0, initialPoolSize -> 10, jdbcUrl -> jdbc:mysql://localhost:3306/one_partner, maxAdministrativeTaskTime -> 0, maxConnectionAge -> 0, maxIdleTime -> 10, maxIdleTimeExcessConnections -> 0, maxPoolSize -> 100, maxStatements -> 0, maxStatementsPerConnection -> 0, minPoolSize -> 10, numHelperThreads -> 3, numThreadsAwaitingCheckoutDefaultUser -> 0, preferredTestQuery -> null, properties -> {user=******, password=******}, propertyCycle -> 0, testConnectionOnCheckin -> false, testConnectionOnCheckout -> false, unreturnedConnectionTimeout -> 0, usesTraditionalReflectiveProxies -> false ]
[main] INFO  com.mchange.v2.log.MLog  - MLog clients using log4j logging.
[main] INFO  com.mchange.v2.c3p0.C3P0Registry  - Initializing c3p0-0.9.1.2 [built 21-May-2007 15:04:56; debug? true; trace: 10]
[main] INFO  com.mchange.v2.c3p0.impl.AbstractPoolBackedDataSource  - Initializing c3p0 pool... com.mchange.v2.c3p0.ComboPooledDataSource [ acquireIncrement -> 10, acquireRetryAttempts -> 30, acquireRetryDelay -> 1000, autoCommitOnClose -> false, automaticTestTable -> null, breakAfterAcquireFailure -> false, checkoutTimeout -> 0, connectionCustomizerClassName -> null, connectionTesterClassName -> com.mchange.v2.c3p0.impl.DefaultConnectionTester, dataSourceName -> 1hge13aafqdod0wsul142|7ab2bfe1, debugUnreturnedConnectionStackTraces -> false, description -> null, driverClass -> com.mysql.jdbc.Driver, factoryClassLocation -> null, forceIgnoreUnresolvedTransactions -> false, identityToken -> 1hge13aafqdod0wsul142|7ab2bfe1, idleConnectionTestPeriod -> 0, initialPoolSize -> 10, jdbcUrl -> jdbc:mysql://localhost:3306/one_partner, maxAdministrativeTaskTime -> 0, maxConnectionAge -> 0, maxIdleTime -> 10, maxIdleTimeExcessConnections -> 0, maxPoolSize -> 100, maxStatements -> 0, maxStatementsPerConnection -> 0, minPoolSize -> 10, numHelperThreads -> 3, numThreadsAwaitingCheckoutDefaultUser -> 0, preferredTestQuery -> null, properties -> {user=******, password=******}, propertyCycle -> 0, testConnectionOnCheckin -> false, testConnectionOnCheckout -> false, unreturnedConnectionTimeout -> 0, usesTraditionalReflectiveProxies -> false ]
[main] INFO  com.mchange.v2.log.MLog  - MLog clients using log4j logging.
[main] INFO  com.mchange.v2.c3p0.C3P0Registry  - Initializing c3p0-0.9.1.2 [built 21-May-2007 15:04:56; debug? true; trace: 10]
[main] INFO  com.mchange.v2.c3p0.impl.AbstractPoolBackedDataSource  - Initializing c3p0 pool... com.mchange.v2.c3p0.ComboPooledDataSource [ acquireIncrement -> 10, acquireRetryAttempts -> 30, acquireRetryDelay -> 1000, autoCommitOnClose -> false, automaticTestTable -> null, breakAfterAcquireFailure -> false, checkoutTimeout -> 0, connectionCustomizerClassName -> null, connectionTesterClassName -> com.mchange.v2.c3p0.impl.DefaultConnectionTester, dataSourceName -> 1hge13aafqdpa1s1539bws|7ab2bfe1, debugUnreturnedConnectionStackTraces -> false, description -> null, driverClass -> com.mysql.jdbc.Driver, factoryClassLocation -> null, forceIgnoreUnresolvedTransactions -> false, identityToken -> 1hge13aafqdpa1s1539bws|7ab2bfe1, idleConnectionTestPeriod -> 0, initialPoolSize -> 10, jdbcUrl -> jdbc:mysql://localhost:3306/one_partner, maxAdministrativeTaskTime -> 0, maxConnectionAge -> 0, maxIdleTime -> 10, maxIdleTimeExcessConnections -> 0, maxPoolSize -> 100, maxStatements -> 0, maxStatementsPerConnection -> 0, minPoolSize -> 10, numHelperThreads -> 3, numThreadsAwaitingCheckoutDefaultUser -> 0, preferredTestQuery -> null, properties -> {user=******, password=******}, propertyCycle -> 0, testConnectionOnCheckin -> false, testConnectionOnCheckout -> false, unreturnedConnectionTimeout -> 0, usesTraditionalReflectiveProxies -> false ]
[main] INFO  com.mchange.v2.log.MLog  - MLog clients using log4j logging.
[main] INFO  com.mchange.v2.c3p0.C3P0Registry  - Initializing c3p0-0.9.1.2 [built 21-May-2007 15:04:56; debug? true; trace: 10]
[main] INFO  com.mchange.v2.c3p0.impl.AbstractPoolBackedDataSource  - Initializing c3p0 pool... com.mchange.v2.c3p0.ComboPooledDataSource [ acquireIncrement -> 10, acquireRetryAttempts -> 30, acquireRetryDelay -> 1000, autoCommitOnClose -> false, automaticTestTable -> null, breakAfterAcquireFailure -> false, checkoutTimeout -> 0, connectionCustomizerClassName -> null, connectionTesterClassName -> com.mchange.v2.c3p0.impl.DefaultConnectionTester, dataSourceName -> 1hge13aafqdr039190n2jh|7ab2bfe1, debugUnreturnedConnectionStackTraces -> false, description -> null, driverClass -> com.mysql.jdbc.Driver, factoryClassLocation -> null, forceIgnoreUnresolvedTransactions -> false, identityToken -> 1hge13aafqdr039190n2jh|7ab2bfe1, idleConnectionTestPeriod -> 0, initialPoolSize -> 10, jdbcUrl -> jdbc:mysql://localhost:3306/one_partner, maxAdministrativeTaskTime -> 0, maxConnectionAge -> 0, maxIdleTime -> 10, maxIdleTimeExcessConnections -> 0, maxPoolSize -> 100, maxStatements -> 0, maxStatementsPerConnection -> 0, minPoolSize -> 10, numHelperThreads -> 3, numThreadsAwaitingCheckoutDefaultUser -> 0, preferredTestQuery -> null, properties -> {user=******, password=******}, propertyCycle -> 0, testConnectionOnCheckin -> false, testConnectionOnCheckout -> false, unreturnedConnectionTimeout -> 0, usesTraditionalReflectiveProxies -> false ]
[main] INFO  com.mchange.v2.log.MLog  - MLog clients using log4j logging.
[main] INFO  com.mchange.v2.c3p0.C3P0Registry  - Initializing c3p0-0.9.1.2 [built 21-May-2007 15:04:56; debug? true; trace: 10]
[main] INFO  com.mchange.v2.c3p0.impl.AbstractPoolBackedDataSource  - Initializing c3p0 pool... com.mchange.v2.c3p0.ComboPooledDataSource [ acquireIncrement -> 10, acquireRetryAttempts -> 30, acquireRetryDelay -> 1000, autoCommitOnClose -> false, automaticTestTable -> null, breakAfterAcquireFailure -> false, checkoutTimeout -> 0, connectionCustomizerClassName -> null, connectionTesterClassName -> com.mchange.v2.c3p0.impl.DefaultConnectionTester, dataSourceName -> 1hge13aafqe6m721vu44lc|7ab2bfe1, debugUnreturnedConnectionStackTraces -> false, description -> null, driverClass -> com.mysql.jdbc.Driver, factoryClassLocation -> null, forceIgnoreUnresolvedTransactions -> false, identityToken -> 1hge13aafqe6m721vu44lc|7ab2bfe1, idleConnectionTestPeriod -> 0, initialPoolSize -> 10, jdbcUrl -> jdbc:mysql://localhost:3306/one_partner, maxAdministrativeTaskTime -> 0, maxConnectionAge -> 0, maxIdleTime -> 10, maxIdleTimeExcessConnections -> 0, maxPoolSize -> 100, maxStatements -> 0, maxStatementsPerConnection -> 0, minPoolSize -> 10, numHelperThreads -> 3, numThreadsAwaitingCheckoutDefaultUser -> 0, preferredTestQuery -> null, properties -> {user=******, password=******}, propertyCycle -> 0, testConnectionOnCheckin -> false, testConnectionOnCheckout -> false, unreturnedConnectionTimeout -> 0, usesTraditionalReflectiveProxies -> false ]
[main] INFO  com.mchange.v2.log.MLog  - MLog clients using log4j logging.
[main] INFO  com.mchange.v2.c3p0.C3P0Registry  - Initializing c3p0-0.9.1.2 [built 21-May-2007 15:04:56; debug? true; trace: 10]
[main] INFO  com.mchange.v2.c3p0.impl.AbstractPoolBackedDataSource  - Initializing c3p0 pool... com.mchange.v2.c3p0.ComboPooledDataSource [ acquireIncrement -> 10, acquireRetryAttempts -> 30, acquireRetryDelay -> 1000, autoCommitOnClose -> false, automaticTestTable -> null, breakAfterAcquireFailure -> false, checkoutTimeout -> 0, connectionCustomizerClassName -> null, connectionTesterClassName -> com.mchange.v2.c3p0.impl.DefaultConnectionTester, dataSourceName -> 1hge13aafqekcm95r6mcp|7ab2bfe1, debugUnreturnedConnectionStackTraces -> false, description -> null, driverClass -> com.mysql.jdbc.Driver, factoryClassLocation -> null, forceIgnoreUnresolvedTransactions -> false, identityToken -> 1hge13aafqekcm95r6mcp|7ab2bfe1, idleConnectionTestPeriod -> 0, initialPoolSize -> 10, jdbcUrl -> jdbc:mysql://localhost:3306/one_partner, maxAdministrativeTaskTime -> 0, maxConnectionAge -> 0, maxIdleTime -> 10, maxIdleTimeExcessConnections -> 0, maxPoolSize -> 100, maxStatements -> 0, maxStatementsPerConnection -> 0, minPoolSize -> 10, numHelperThreads -> 3, numThreadsAwaitingCheckoutDefaultUser -> 0, preferredTestQuery -> null, properties -> {user=******, password=******}, propertyCycle -> 0, testConnectionOnCheckin -> false, testConnectionOnCheckout -> false, unreturnedConnectionTimeout -> 0, usesTraditionalReflectiveProxies -> false ]
[main] INFO  com.mchange.v2.log.MLog  - MLog clients using log4j logging.
[main] INFO  com.mchange.v2.c3p0.C3P0Registry  - Initializing c3p0-0.9.1.2 [built 21-May-2007 15:04:56; debug? true; trace: 10]
[main] INFO  com.mchange.v2.c3p0.impl.AbstractPoolBackedDataSource  - Initializing c3p0 pool... com.mchange.v2.c3p0.ComboPooledDataSource [ acquireIncrement -> 10, acquireRetryAttempts -> 30, acquireRetryDelay -> 1000, autoCommitOnClose -> false, automaticTestTable -> null, breakAfterAcquireFailure -> false, checkoutTimeout -> 0, connectionCustomizerClassName -> null, connectionTesterClassName -> com.mchange.v2.c3p0.impl.DefaultConnectionTester, dataSourceName -> 1hge13aafqeo5ym1rujuxl|7ab2bfe1, debugUnreturnedConnectionStackTraces -> false, description -> null, driverClass -> com.mysql.jdbc.Driver, factoryClassLocation -> null, forceIgnoreUnresolvedTransactions -> false, identityToken -> 1hge13aafqeo5ym1rujuxl|7ab2bfe1, idleConnectionTestPeriod -> 0, initialPoolSize -> 10, jdbcUrl -> jdbc:mysql://localhost:3306/one_partner, maxAdministrativeTaskTime -> 0, maxConnectionAge -> 0, maxIdleTime -> 10, maxIdleTimeExcessConnections -> 0, maxPoolSize -> 100, maxStatements -> 0, maxStatementsPerConnection -> 0, minPoolSize -> 10, numHelperThreads -> 3, numThreadsAwaitingCheckoutDefaultUser -> 0, preferredTestQuery -> null, properties -> {user=******, password=******}, propertyCycle -> 0, testConnectionOnCheckin -> false, testConnectionOnCheckout -> false, unreturnedConnectionTimeout -> 0, usesTraditionalReflectiveProxies -> false ]
[main] INFO  com.mchange.v2.log.MLog  - MLog clients using log4j logging.
[main] INFO  com.mchange.v2.c3p0.C3P0Registry  - Initializing c3p0-0.9.1.2 [built 21-May-2007 15:04:56; debug? true; trace: 10]
[main] INFO  com.mchange.v2.c3p0.impl.AbstractPoolBackedDataSource  - Initializing c3p0 pool... com.mchange.v2.c3p0.ComboPooledDataSource [ acquireIncrement -> 10, acquireRetryAttempts -> 30, acquireRetryDelay -> 1000, autoCommitOnClose -> false, automaticTestTable -> null, breakAfterAcquireFailure -> false, checkoutTimeout -> 0, connectionCustomizerClassName -> null, connectionTesterClassName -> com.mchange.v2.c3p0.impl.DefaultConnectionTester, dataSourceName -> 1hge13aafqepadv1930sxz|7ab2bfe1, debugUnreturnedConnectionStackTraces -> false, description -> null, driverClass -> com.mysql.jdbc.Driver, factoryClassLocation -> null, forceIgnoreUnresolvedTransactions -> false, identityToken -> 1hge13aafqepadv1930sxz|7ab2bfe1, idleConnectionTestPeriod -> 0, initialPoolSize -> 10, jdbcUrl -> jdbc:mysql://localhost:3306/one_partner, maxAdministrativeTaskTime -> 0, maxConnectionAge -> 0, maxIdleTime -> 10, maxIdleTimeExcessConnections -> 0, maxPoolSize -> 100, maxStatements -> 0, maxStatementsPerConnection -> 0, minPoolSize -> 10, numHelperThreads -> 3, numThreadsAwaitingCheckoutDefaultUser -> 0, preferredTestQuery -> null, properties -> {user=******, password=******}, propertyCycle -> 0, testConnectionOnCheckin -> false, testConnectionOnCheckout -> false, unreturnedConnectionTimeout -> 0, usesTraditionalReflectiveProxies -> false ]
[main] INFO  com.mchange.v2.log.MLog  - MLog clients using log4j logging.
[main] INFO  com.mchange.v2.c3p0.C3P0Registry  - Initializing c3p0-0.9.1.2 [built 21-May-2007 15:04:56; debug? true; trace: 10]
[main] INFO  com.mchange.v2.c3p0.impl.AbstractPoolBackedDataSource  - Initializing c3p0 pool... com.mchange.v2.c3p0.ComboPooledDataSource [ acquireIncrement -> 10, acquireRetryAttempts -> 30, acquireRetryDelay -> 1000, autoCommitOnClose -> false, automaticTestTable -> null, breakAfterAcquireFailure -> false, checkoutTimeout -> 0, connectionCustomizerClassName -> null, connectionTesterClassName -> com.mchange.v2.c3p0.impl.DefaultConnectionTester, dataSourceName -> 1hge13aafqepl07njdaxo|7ab2bfe1, debugUnreturnedConnectionStackTraces -> false, description -> null, driverClass -> com.mysql.jdbc.Driver, factoryClassLocation -> null, forceIgnoreUnresolvedTransactions -> false, identityToken -> 1hge13aafqepl07njdaxo|7ab2bfe1, idleConnectionTestPeriod -> 0, initialPoolSize -> 10, jdbcUrl -> jdbc:mysql://localhost:3306/one_partner, maxAdministrativeTaskTime -> 0, maxConnectionAge -> 0, maxIdleTime -> 10, maxIdleTimeExcessConnections -> 0, maxPoolSize -> 100, maxStatements -> 0, maxStatementsPerConnection -> 0, minPoolSize -> 10, numHelperThreads -> 3, numThreadsAwaitingCheckoutDefaultUser -> 0, preferredTestQuery -> null, properties -> {user=******, password=******}, propertyCycle -> 0, testConnectionOnCheckin -> false, testConnectionOnCheckout -> false, unreturnedConnectionTimeout -> 0, usesTraditionalReflectiveProxies -> false ]
[main] INFO  com.mchange.v2.log.MLog  - MLog clients using log4j logging.
[main] INFO  com.mchange.v2.c3p0.C3P0Registry  - Initializing c3p0-0.9.1.2 [built 21-May-2007 15:04:56; debug? true; trace: 10]
[main] INFO  com.mchange.v2.c3p0.impl.AbstractPoolBackedDataSource  - Initializing c3p0 pool... com.mchange.v2.c3p0.ComboPooledDataSource [ acquireIncrement -> 10, acquireRetryAttempts -> 30, acquireRetryDelay -> 1000, autoCommitOnClose -> false, automaticTestTable -> null, breakAfterAcquireFailure -> false, checkoutTimeout -> 0, connectionCustomizerClassName -> null, connectionTesterClassName -> com.mchange.v2.c3p0.impl.DefaultConnectionTester, dataSourceName -> 1hge13aafqerxc317zperz|7ab2bfe1, debugUnreturnedConnectionStackTraces -> false, description -> null, driverClass -> com.mysql.jdbc.Driver, factoryClassLocation -> null, forceIgnoreUnresolvedTransactions -> false, identityToken -> 1hge13aafqerxc317zperz|7ab2bfe1, idleConnectionTestPeriod -> 0, initialPoolSize -> 10, jdbcUrl -> jdbc:mysql://localhost:3306/one_partner, maxAdministrativeTaskTime -> 0, maxConnectionAge -> 0, maxIdleTime -> 10, maxIdleTimeExcessConnections -> 0, maxPoolSize -> 100, maxStatements -> 0, maxStatementsPerConnection -> 0, minPoolSize -> 10, numHelperThreads -> 3, numThreadsAwaitingCheckoutDefaultUser -> 0, preferredTestQuery -> null, properties -> {user=******, password=******}, propertyCycle -> 0, testConnectionOnCheckin -> false, testConnectionOnCheckout -> false, unreturnedConnectionTimeout -> 0, usesTraditionalReflectiveProxies -> false ]
